<?xml version="1.0" encoding="UTF-8"?>
<!-- Generated by org.testng.reporters.JUnitXMLReporter -->
<testsuite hostname="DESKTOP-BGMB1MA" ignored="13" name="Test" tests="1" failures="1" timestamp="2021-12-06T19:12:27 IST" time="20.185" errors="0">
  <testcase name="ubsSearch" time="13.801" classname="com.ubsdemo.testcases.HomePageTest">
    <failure type="java.lang.AssertionError" message="expected:&amp;lt;7&amp;gt; but was:&amp;lt;5&amp;gt;">
      <![CDATA[java.lang.AssertionError: expected:<7> but was:<5>
at org.junit.Assert.fail(Assert.java:88)
at org.junit.Assert.failNotEquals(Assert.java:834)
at org.junit.Assert.assertEquals(Assert.java:645)
at org.junit.Assert.assertEquals(Assert.java:631)
at com.ubsdemo.testcases.HomePageTest.ubsSearch(HomePageTest.java:198)
at java.util.ArrayList.forEach(Unknown Source)
... Removed 27 stack frames]]>
    </failure>
  </testcase> <!-- ubsSearch -->
  <testcase name="messageWindowTest" time="0.0" classname="com.ubsdemo.testcases.HomePageTest">
    <ignored/>
  </testcase> <!-- messageWindowTest -->
  <testcase name="browserTabTest" time="0.0" classname="com.ubsdemo.testcases.HomePageTest">
    <ignored/>
  </testcase> <!-- browserTabTest -->
  <testcase name="getAllFrame" time="0.0" classname="com.ubsdemo.testcases.HomePageTest">
    <ignored/>
  </testcase> <!-- getAllFrame -->
  <testcase name="getWebTable" time="0.0" classname="com.ubsdemo.testcases.HomePageTest">
    <ignored/>
  </testcase> <!-- getWebTable -->
  <testcase name="dragAndDropTest" time="0.0" classname="com.ubsdemo.testcases.HomePageTest">
    <ignored/>
  </testcase> <!-- dragAndDropTest -->
  <testcase name="alertTest" time="0.0" classname="com.ubsdemo.testcases.HomePageTest">
    <ignored/>
  </testcase> <!-- alertTest -->
  <testcase name="homeButtonTest" time="0.0" classname="com.ubsdemo.testcases.HomePageTest">
    <ignored/>
  </testcase> <!-- homeButtonTest -->
  <testcase name="dragAndDropTestWithHoldTest" time="0.0" classname="com.ubsdemo.testcases.HomePageTest">
    <ignored/>
  </testcase> <!-- dragAndDropTestWithHoldTest -->
  <testcase name="browserWindowTest" time="0.0" classname="com.ubsdemo.testcases.HomePageTest">
    <ignored/>
  </testcase> <!-- browserWindowTest -->
  <testcase name="tutorialsButtonTest" time="0.0" classname="com.ubsdemo.testcases.HomePageTest">
    <ignored/>
  </testcase> <!-- tutorialsButtonTest -->
  <testcase name="readExcelData" time="0.0" classname="com.ubsdemo.testcases.HomePageTest">
    <ignored/>
  </testcase> <!-- readExcelData -->
  <testcase name="getAllLinks" time="0.0" classname="com.ubsdemo.testcases.HomePageTest">
    <ignored/>
  </testcase> <!-- getAllLinks -->
  <testcase name="ubsSearch1" time="0.0" classname="com.ubsdemo.testcases.HomePageTest">
    <ignored/>
  </testcase> <!-- ubsSearch1 -->
</testsuite> <!-- Test -->
