<?xml version="1.0" encoding="UTF-8"?>
<!-- Generated by org.testng.reporters.JUnitReportReporter -->
<testsuite skipped="13" hostname="DESKTOP-BGMB1MA" name="com.ubsdemo.testcases.HomePageTest" tests="14" failures="1" timestamp="2021-12-06T19:12:27 IST" time="19.842" errors="0">
  <testcase name="ubsSearch" time="19.842" classname="com.ubsdemo.testcases.HomePageTest">
    <failure type="java.lang.AssertionError" message="expected:&lt;7&gt; but was:&lt;5&gt;">
      <![CDATA[java.lang.AssertionError: expected:<7> but was:<5>
at org.junit.Assert.fail(Assert.java:88)
at org.junit.Assert.failNotEquals(Assert.java:834)
at org.junit.Assert.assertEquals(Assert.java:645)
at org.junit.Assert.assertEquals(Assert.java:631)
at com.ubsdemo.testcases.HomePageTest.ubsSearch(HomePageTest.java:198)
at sun.reflect.NativeMethodAccessorImpl.invoke0(Native Method)
at sun.reflect.NativeMethodAccessorImpl.invoke(Unknown Source)
at sun.reflect.DelegatingMethodAccessorImpl.invoke(Unknown Source)
at java.lang.reflect.Method.invoke(Unknown Source)
at org.testng.internal.MethodInvocationHelper.invokeMethod(MethodInvocationHelper.java:132)
at org.testng.internal.TestInvoker.invokeMethod(TestInvoker.java:599)
at org.testng.internal.TestInvoker.invokeTestMethod(TestInvoker.java:174)
at org.testng.internal.MethodRunner.runInSequence(MethodRunner.java:46)
at org.testng.internal.TestInvoker$MethodInvocationAgent.invoke(TestInvoker.java:822)
at org.testng.internal.TestInvoker.invokeTestMethods(TestInvoker.java:147)
at org.testng.internal.TestMethodWorker.invokeTestMethods(TestMethodWorker.java:146)
at org.testng.internal.TestMethodWorker.run(TestMethodWorker.java:128)
at java.util.ArrayList.forEach(Unknown Source)
at org.testng.TestRunner.privateRun(TestRunner.java:764)
at org.testng.TestRunner.run(TestRunner.java:585)
at org.testng.SuiteRunner.runTest(SuiteRunner.java:384)
at org.testng.SuiteRunner.runSequentially(SuiteRunner.java:378)
at org.testng.SuiteRunner.privateRun(SuiteRunner.java:337)
at org.testng.SuiteRunner.run(SuiteRunner.java:286)
at org.testng.SuiteRunnerWorker.runSuite(SuiteRunnerWorker.java:53)
at org.testng.SuiteRunnerWorker.run(SuiteRunnerWorker.java:96)
at org.testng.TestNG.runSuitesSequentially(TestNG.java:1218)
at org.testng.TestNG.runSuitesLocally(TestNG.java:1140)
at org.testng.TestNG.runSuites(TestNG.java:1069)
at org.testng.TestNG.run(TestNG.java:1037)
at org.testng.remote.AbstractRemoteTestNG.run(AbstractRemoteTestNG.java:115)
at org.testng.remote.RemoteTestNG.initAndRun(RemoteTestNG.java:251)
at org.testng.remote.RemoteTestNG.main(RemoteTestNG.java:77)
]]>
    </failure>
  </testcase> <!-- ubsSearch -->
  <system-out/>
  <testcase name="messageWindowTest" classname="com.ubsdemo.testcases.HomePageTest">
    <skipped/>
  </testcase> <!-- messageWindowTest -->
  <system-out/>
  <testcase name="browserTabTest" classname="com.ubsdemo.testcases.HomePageTest">
    <skipped/>
  </testcase> <!-- browserTabTest -->
  <system-out/>
  <testcase name="getAllFrame" classname="com.ubsdemo.testcases.HomePageTest">
    <skipped/>
  </testcase> <!-- getAllFrame -->
  <system-out/>
  <testcase name="getWebTable" classname="com.ubsdemo.testcases.HomePageTest">
    <skipped/>
  </testcase> <!-- getWebTable -->
  <system-out/>
  <testcase name="dragAndDropTest" classname="com.ubsdemo.testcases.HomePageTest">
    <skipped/>
  </testcase> <!-- dragAndDropTest -->
  <system-out/>
  <testcase name="alertTest" classname="com.ubsdemo.testcases.HomePageTest">
    <skipped/>
  </testcase> <!-- alertTest -->
  <system-out/>
  <testcase name="homeButtonTest" classname="com.ubsdemo.testcases.HomePageTest">
    <skipped/>
  </testcase> <!-- homeButtonTest -->
  <system-out/>
  <testcase name="dragAndDropTestWithHoldTest" classname="com.ubsdemo.testcases.HomePageTest">
    <skipped/>
  </testcase> <!-- dragAndDropTestWithHoldTest -->
  <system-out/>
  <testcase name="browserWindowTest" classname="com.ubsdemo.testcases.HomePageTest">
    <skipped/>
  </testcase> <!-- browserWindowTest -->
  <system-out/>
  <testcase name="tutorialsButtonTest" classname="com.ubsdemo.testcases.HomePageTest">
    <skipped/>
  </testcase> <!-- tutorialsButtonTest -->
  <system-out/>
  <testcase name="readExcelData" classname="com.ubsdemo.testcases.HomePageTest">
    <skipped/>
  </testcase> <!-- readExcelData -->
  <system-out/>
  <testcase name="getAllLinks" classname="com.ubsdemo.testcases.HomePageTest">
    <skipped/>
  </testcase> <!-- getAllLinks -->
  <system-out/>
  <testcase name="ubsSearch1" classname="com.ubsdemo.testcases.HomePageTest">
    <skipped/>
  </testcase> <!-- ubsSearch1 -->
  <system-out/>
</testsuite> <!-- com.ubsdemo.testcases.HomePageTest -->
